<?xml version="1.0" encoding="UTF-8"?>
<!-- Generated by org.testng.reporters.JUnitXMLReporter -->
<testsuite hostname="1-HP" name="Default test" tests="5" failures="0" timestamp="6 May 2015 22:37:54 GMT" time="99.605" errors="0">
  <testcase name="modifySomeGroup" time="17.887" classname="com.example.tests.GroupModificationTests"/>
  <testcase name="modifySomeGroup" time="17.24" classname="com.example.tests.GroupModificationTests"/>
  <testcase name="modifySomeGroup" time="17.618" classname="com.example.tests.GroupModificationTests"/>
  <testcase name="modifySomeGroup" time="18.259" classname="com.example.tests.GroupModificationTests"/>
  <testcase name="modifySomeGroup" time="17.201" classname="com.example.tests.GroupModificationTests"/>
</testsuite> <!-- Default test -->
