<?xml version="1.0" encoding="UTF-8"?>
<!-- Generated by org.testng.reporters.JUnitXMLReporter -->
<testsuite hostname="1-HP" name="Default test" tests="4" failures="0" timestamp="28 Apr 2015 23:11:18 GMT" time="32.359" errors="0">
  <testcase name="testEmptyContactCreation" time="7.352" classname="com.example.tests.ContactCreationTests"/>
  <testcase name="testNonEmptyContactCreation" time="7.552" classname="com.example.tests.ContactCreationTests"/>
  <testcase name="testEmptyGropCreation" time="4.306" classname="com.example.tests.GroupCreationTests"/>
  <testcase name="testNonEmptyGropCreation" time="3.629" classname="com.example.tests.GroupCreationTests"/>
</testsuite> <!-- Default test -->
