<?xml version="1.0" encoding="UTF-8"?>
<testng-results skipped="0" failed="0" total="1" passed="1">
  <reporter-output>
  </reporter-output>
  <suite name="Default suite" duration-ms="16018" started-at="2015-04-30T00:14:00Z" finished-at="2015-04-30T00:14:16Z">
    <groups>
    </groups>
    <test name="Default test" duration-ms="16018" started-at="2015-04-30T00:14:00Z" finished-at="2015-04-30T00:14:16Z">
      <class name="com.example.tests.GroupModificationTests">
        <test-method status="PASS" signature="setUp()[pri:0, instance:com.example.tests.GroupModificationTests@5a42bbf4]" name="setUp" is-config="true" duration-ms="10299" started-at="2015-04-29T21:14:00Z" finished-at="2015-04-29T21:14:11Z">
          <reporter-output>
          </reporter-output>
        </test-method> <!-- setUp -->
        <test-method status="PASS" signature="modifySomeGroup()[pri:0, instance:com.example.tests.GroupModificationTests@5a42bbf4]" name="modifySomeGroup" duration-ms="5134" started-at="2015-04-29T21:14:11Z" finished-at="2015-04-29T21:14:16Z">
          <reporter-output>
          </reporter-output>
        </test-method> <!-- modifySomeGroup -->
        <test-method status="PASS" signature="tearDown()[pri:0, instance:com.example.tests.GroupModificationTests@5a42bbf4]" name="tearDown" is-config="true" duration-ms="565" started-at="2015-04-29T21:14:16Z" finished-at="2015-04-29T21:14:16Z">
          <reporter-output>
          </reporter-output>
        </test-method> <!-- tearDown -->
      </class> <!-- com.example.tests.GroupModificationTests -->
    </test> <!-- Default test -->
  </suite> <!-- Default suite -->
</testng-results>
